\BOOKMARK [0][-]{chapter*.1}{Abstract}{}% 1
\BOOKMARK [0][-]{chapter*.2}{Acknowledgement}{}% 2
\BOOKMARK [0][-]{chapter.1}{Introduction}{}% 3
\BOOKMARK [0][-]{chapter.2}{Literature Review}{}% 4
\BOOKMARK [1][-]{section.2.1}{Relational Database Model}{chapter.2}% 5
\BOOKMARK [2][-]{subsection.2.1.1}{Relations}{section.2.1}% 6
\BOOKMARK [2][-]{subsection.2.1.2}{Functional Dependencies}{section.2.1}% 7
\BOOKMARK [2][-]{subsection.2.1.3}{Closure}{section.2.1}% 8
\BOOKMARK [2][-]{subsection.2.1.4}{Covers}{section.2.1}% 9
\BOOKMARK [1][-]{section.2.2}{Different Types of Covers}{chapter.2}% 10
\BOOKMARK [2][-]{subsection.2.2.1}{Non-redundant Covers}{section.2.2}% 11
\BOOKMARK [2][-]{subsection.2.2.2}{Canonical Covers}{section.2.2}% 12
\BOOKMARK [2][-]{subsection.2.2.3}{Mini Covers}{section.2.2}% 13
\BOOKMARK [2][-]{subsection.2.2.4}{Minimum Covers}{section.2.2}% 14
\BOOKMARK [2][-]{subsection.2.2.5}{L-Minimum Covers}{section.2.2}% 15
\BOOKMARK [2][-]{subsection.2.2.6}{LR-Minimum Covers}{section.2.2}% 16
\BOOKMARK [2][-]{subsection.2.2.7}{Optimal Covers}{section.2.2}% 17
\BOOKMARK [1][-]{section.2.3}{Relationships between Different Types of Covers}{chapter.2}% 18
\BOOKMARK [1][-]{section.2.4}{Related Works}{chapter.2}% 19
\BOOKMARK [1][-]{section.2.5}{Summary}{chapter.2}% 20
\BOOKMARK [0][-]{chapter.3}{Algorithms}{}% 21
\BOOKMARK [1][-]{section.3.1}{Dependent Set}{chapter.3}% 22
\BOOKMARK [1][-]{section.3.2}{Membership Determination}{chapter.3}% 23
\BOOKMARK [1][-]{section.3.3}{Attributes Equivalence Determination}{chapter.3}% 24
\BOOKMARK [1][-]{section.3.4}{Functional Dependencies Equivalence Determination}{chapter.3}% 25
\BOOKMARK [1][-]{section.3.5}{Non-Redundant Cover}{chapter.3}% 26
\BOOKMARK [1][-]{section.3.6}{Canonical Cover}{chapter.3}% 27
\BOOKMARK [1][-]{section.3.7}{Minimum Cover}{chapter.3}% 28
\BOOKMARK [1][-]{section.3.8}{L-Minimum Cover}{chapter.3}% 29
\BOOKMARK [1][-]{section.3.9}{LR-Minimum Cover}{chapter.3}% 30
\BOOKMARK [1][-]{section.3.10}{Mini Cover}{chapter.3}% 31
\BOOKMARK [2][-]{subsection.3.10.1}{Delobel-Casey Transform}{section.3.10}% 32
\BOOKMARK [2][-]{subsection.3.10.2}{Quine-McCluskey Method}{section.3.10}% 33
\BOOKMARK [2][-]{subsection.3.10.3}{Integer Programming Problem}{section.3.10}% 34
\BOOKMARK [1][-]{section.3.11}{Optimal Cover}{chapter.3}% 35
\BOOKMARK [1][-]{section.3.12}{Implementation}{chapter.3}% 36
\BOOKMARK [1][-]{section.3.13}{Summary}{chapter.3}% 37
\BOOKMARK [0][-]{chapter.4}{Experiments}{}% 38
\BOOKMARK [1][-]{section.4.1}{Experiment Setup}{chapter.4}% 39
\BOOKMARK [1][-]{section.4.2}{Experiment for Non-exponential Algorithms}{chapter.4}% 40
\BOOKMARK [1][-]{section.4.3}{Experiment for All Algorithms}{chapter.4}% 41
\BOOKMARK [1][-]{section.4.4}{Trade-off between Cover Size and Time Consumption}{chapter.4}% 42
\BOOKMARK [1][-]{section.4.5}{Qualitative Analysis}{chapter.4}% 43
\BOOKMARK [2][-]{subsection.4.5.1}{Original Cover of Abalone Dataset}{section.4.5}% 44
\BOOKMARK [2][-]{subsection.4.5.2}{Non-Redundant Cover of Abalone Dataset}{section.4.5}% 45
\BOOKMARK [2][-]{subsection.4.5.3}{Canonical Cover of Abalone Dataset}{section.4.5}% 46
\BOOKMARK [2][-]{subsection.4.5.4}{Minimum Cover of Abalone Dataset}{section.4.5}% 47
\BOOKMARK [2][-]{subsection.4.5.5}{L-Minimum Cover of Abalone Dataset}{section.4.5}% 48
\BOOKMARK [2][-]{subsection.4.5.6}{LR-Minimum Cover of Abalone Dataset}{section.4.5}% 49
\BOOKMARK [2][-]{subsection.4.5.7}{Mini Cover of ABalone Dataset}{section.4.5}% 50
\BOOKMARK [2][-]{subsection.4.5.8}{Optimal Cover of Abalone Dataset}{section.4.5}% 51
\BOOKMARK [1][-]{section.4.6}{Analysis}{chapter.4}% 52
\BOOKMARK [1][-]{section.4.7}{Summary}{chapter.4}% 53
\BOOKMARK [0][-]{chapter.5}{Conclusion}{}% 54
\BOOKMARK [0][-]{chapter.6}{Future Work}{}% 55
\BOOKMARK [0][-]{appendix.A}{Source Code of FDC Library}{}% 56
